  brain.cpp
d:\fi\comgrafica\proyecto_brains_model\projecto_opengl\projecto_opengl\window.h(12): warning C4244: 'return': conversión de 'GLint' a 'GLfloat'; posible pérdida de datos
d:\fi\comgrafica\proyecto_brains_model\projecto_opengl\projecto_opengl\window.h(13): warning C4244: 'return': conversión de 'GLint' a 'GLfloat'; posible pérdida de datos
d:\fi\comgrafica\proyecto_brains_model\projecto_opengl\projecto_opengl\brain.cpp(447): warning C4244: 'inicializando': conversión de 'double' a 'GLfloat'; posible pérdida de datos
  Camera.cpp
  DirectionalLight.cpp
d:\fi\comgrafica\proyecto_brains_model\projecto_opengl\projecto_opengl\directionallight.cpp(18): warning C4244: 'argumento': conversión de 'GLfloat' a 'GLint'; posible pérdida de datos
d:\fi\comgrafica\proyecto_brains_model\projecto_opengl\projecto_opengl\directionallight.cpp(19): warning C4244: 'argumento': conversión de 'GLfloat' a 'GLint'; posible pérdida de datos
d:\fi\comgrafica\proyecto_brains_model\projecto_opengl\projecto_opengl\directionallight.cpp(21): warning C4244: 'argumento': conversión de 'GLfloat' a 'GLint'; posible pérdida de datos
d:\fi\comgrafica\proyecto_brains_model\projecto_opengl\projecto_opengl\directionallight.cpp(22): warning C4244: 'argumento': conversión de 'GLfloat' a 'GLint'; posible pérdida de datos
  Light.cpp
  Material.cpp
  Mesh_tn.cpp
  Model.cpp
d:\fi\comgrafica\proyecto_brains_model\projecto_opengl\projecto_opengl\model.cpp(15): warning C4477: 'printf' : la cadena de formato '%s' requiere un argumento de tipo 'char *', pero el argumento variádico 1 tiene el tipo 'const std::string'
d:\fi\comgrafica\proyecto_brains_model\projecto_opengl\projecto_opengl\model.cpp(15): warning C4474: "printf": se pasaron demasiados argumentos para la cadena de formato
  d:\fi\comgrafica\proyecto_brains_model\projecto_opengl\projecto_opengl\model.cpp(15): note: los marcadores de posición y sus parámetros esperan 1 argumentos variádicos, pero se proporcionaron 2
d:\fi\comgrafica\proyecto_brains_model\projecto_opengl\projecto_opengl\model.cpp(50): warning C4804: '<': uso no seguro del tipo 'bool' en la operación
d:\fi\comgrafica\proyecto_brains_model\projecto_opengl\projecto_opengl\model.cpp(50): warning C4018: '<': no coinciden signed/unsigned
d:\fi\comgrafica\proyecto_brains_model\projecto_opengl\projecto_opengl\model.cpp(137): warning C4477: 'printf' : la cadena de formato '%s' requiere un argumento de tipo 'char *', pero el argumento variádico 1 tiene el tipo 'std::string'
d:\fi\comgrafica\proyecto_brains_model\projecto_opengl\projecto_opengl\model.cpp(146): warning C4477: 'printf' : la cadena de formato '%s' requiere un argumento de tipo 'char *', pero el argumento variádico 1 tiene el tipo 'std::string'
  PointLight.cpp
d:\fi\comgrafica\proyecto_brains_model\projecto_opengl\projecto_opengl\pointlight.cpp(28): warning C4244: 'argumento': conversión de 'GLfloat' a 'GLint'; posible pérdida de datos
d:\fi\comgrafica\proyecto_brains_model\projecto_opengl\projecto_opengl\pointlight.cpp(29): warning C4244: 'argumento': conversión de 'GLfloat' a 'GLint'; posible pérdida de datos
d:\fi\comgrafica\proyecto_brains_model\projecto_opengl\projecto_opengl\pointlight.cpp(30): warning C4244: 'argumento': conversión de 'GLfloat' a 'GLint'; posible pérdida de datos
d:\fi\comgrafica\proyecto_brains_model\projecto_opengl\projecto_opengl\pointlight.cpp(32): warning C4244: 'argumento': conversión de 'GLfloat' a 'GLint'; posible pérdida de datos
d:\fi\comgrafica\proyecto_brains_model\projecto_opengl\projecto_opengl\pointlight.cpp(33): warning C4244: 'argumento': conversión de 'GLfloat' a 'GLint'; posible pérdida de datos
d:\fi\comgrafica\proyecto_brains_model\projecto_opengl\projecto_opengl\pointlight.cpp(34): warning C4244: 'argumento': conversión de 'GLfloat' a 'GLint'; posible pérdida de datos
d:\fi\comgrafica\proyecto_brains_model\projecto_opengl\projecto_opengl\pointlight.cpp(35): warning C4244: 'argumento': conversión de 'GLfloat' a 'GLint'; posible pérdida de datos
  Shader_light.cpp
d:\fi\comgrafica\proyecto_brains_model\projecto_opengl\projecto_opengl\shader_light.cpp(202): warning C4244: 'argumento': conversión de 'GLuint' a 'GLfloat'; posible pérdida de datos
d:\fi\comgrafica\proyecto_brains_model\projecto_opengl\projecto_opengl\shader_light.cpp(201): warning C4244: 'argumento': conversión de 'GLuint' a 'GLfloat'; posible pérdida de datos
d:\fi\comgrafica\proyecto_brains_model\projecto_opengl\projecto_opengl\shader_light.cpp(215): warning C4244: 'argumento': conversión de 'GLuint' a 'GLfloat'; posible pérdida de datos
d:\fi\comgrafica\proyecto_brains_model\projecto_opengl\projecto_opengl\shader_light.cpp(214): warning C4244: 'argumento': conversión de 'GLuint' a 'GLfloat'; posible pérdida de datos
d:\fi\comgrafica\proyecto_brains_model\projecto_opengl\projecto_opengl\shader_light.cpp(213): warning C4244: 'argumento': conversión de 'GLuint' a 'GLfloat'; posible pérdida de datos
  Skybox.cpp
  Sphere.cpp
d:\fi\comgrafica\proyecto_brains_model\projecto_opengl\projecto_opengl\sphere.cpp(39): warning C4244: 'inicializando': conversión de 'double' a 'float'; posible pérdida de datos
d:\fi\comgrafica\proyecto_brains_model\projecto_opengl\projecto_opengl\sphere.cpp(43): warning C4244: 'inicializando': conversión de 'double' a 'float'; posible pérdida de datos
  SpotLight.cpp
  Texture.cpp
  Window.cpp
d:\fi\comgrafica\proyecto_brains_model\projecto_opengl\projecto_opengl\window.h(12): warning C4244: 'return': conversión de 'GLint' a 'GLfloat'; posible pérdida de datos
d:\fi\comgrafica\proyecto_brains_model\projecto_opengl\projecto_opengl\window.h(13): warning C4244: 'return': conversión de 'GLint' a 'GLfloat'; posible pérdida de datos
d:\fi\comgrafica\proyecto_brains_model\projecto_opengl\projecto_opengl\window.cpp(149): warning C4244: '=': conversión de 'double' a 'GLfloat'; posible pérdida de datos
d:\fi\comgrafica\proyecto_brains_model\projecto_opengl\projecto_opengl\window.cpp(150): warning C4244: '=': conversión de 'double' a 'GLfloat'; posible pérdida de datos
d:\fi\comgrafica\proyecto_brains_model\projecto_opengl\projecto_opengl\window.cpp(154): warning C4244: '=': conversión de 'double' a 'GLfloat'; posible pérdida de datos
d:\fi\comgrafica\proyecto_brains_model\projecto_opengl\projecto_opengl\window.cpp(155): warning C4244: '=': conversión de 'double' a 'GLfloat'; posible pérdida de datos
d:\fi\comgrafica\proyecto_brains_model\projecto_opengl\projecto_opengl\window.cpp(157): warning C4244: '=': conversión de 'double' a 'GLfloat'; posible pérdida de datos
d:\fi\comgrafica\proyecto_brains_model\projecto_opengl\projecto_opengl\window.cpp(158): warning C4244: '=': conversión de 'double' a 'GLfloat'; posible pérdida de datos
  Generando código...
d:\fi\comgrafica\proyecto_brains_model\projecto_opengl\projecto_opengl\window.cpp(76): warning C4715: 'Window::Initialise': no todas las rutas de acceso de control devuelven un valor
LINK : warning LNK4098: la biblioteca predeterminada'MSVCRT' entra en conflicto con otras bibliotecas; use la biblioteca /NODEFAULTLIB:biblioteca
  Projecto_OpenGL.vcxproj -> D:\FI\ComGrafica\Proyecto_Brains_Model\Projecto_OpenGL\Debug\Projecto_OpenGL.exe
