d:\fi\comgrafica\proyecto_brains_model\projecto_opengl\projecto_opengl\debug\vc141.pdb
d:\fi\comgrafica\proyecto_brains_model\projecto_opengl\projecto_opengl\debug\vc141.idb
d:\fi\comgrafica\proyecto_brains_model\projecto_opengl\projecto_opengl\debug\window.obj
d:\fi\comgrafica\proyecto_brains_model\projecto_opengl\projecto_opengl\debug\texture.obj
d:\fi\comgrafica\proyecto_brains_model\projecto_opengl\projecto_opengl\debug\spotlight.obj
d:\fi\comgrafica\proyecto_brains_model\projecto_opengl\projecto_opengl\debug\sphere.obj
d:\fi\comgrafica\proyecto_brains_model\projecto_opengl\projecto_opengl\debug\skybox.obj
d:\fi\comgrafica\proyecto_brains_model\projecto_opengl\projecto_opengl\debug\shader_light.obj
d:\fi\comgrafica\proyecto_brains_model\projecto_opengl\projecto_opengl\debug\pointlight.obj
d:\fi\comgrafica\proyecto_brains_model\projecto_opengl\projecto_opengl\debug\model.obj
d:\fi\comgrafica\proyecto_brains_model\projecto_opengl\projecto_opengl\debug\mesh_tn.obj
d:\fi\comgrafica\proyecto_brains_model\projecto_opengl\projecto_opengl\debug\material.obj
d:\fi\comgrafica\proyecto_brains_model\projecto_opengl\projecto_opengl\debug\light.obj
d:\fi\comgrafica\proyecto_brains_model\projecto_opengl\projecto_opengl\debug\directionallight.obj
d:\fi\comgrafica\proyecto_brains_model\projecto_opengl\projecto_opengl\debug\camera.obj
d:\fi\comgrafica\proyecto_brains_model\projecto_opengl\projecto_opengl\debug\brain.obj
d:\fi\comgrafica\proyecto_brains_model\projecto_opengl\debug\projecto_opengl.ilk
d:\fi\comgrafica\proyecto_brains_model\projecto_opengl\debug\projecto_opengl.exe
d:\fi\comgrafica\proyecto_brains_model\projecto_opengl\debug\projecto_opengl.pdb
d:\fi\comgrafica\proyecto_brains_model\projecto_opengl\projecto_opengl\debug\projecto_opengl.tlog\cl.command.1.tlog
d:\fi\comgrafica\proyecto_brains_model\projecto_opengl\projecto_opengl\debug\projecto_opengl.tlog\cl.read.1.tlog
d:\fi\comgrafica\proyecto_brains_model\projecto_opengl\projecto_opengl\debug\projecto_opengl.tlog\cl.write.1.tlog
d:\fi\comgrafica\proyecto_brains_model\projecto_opengl\projecto_opengl\debug\projecto_opengl.tlog\link.command.1.tlog
d:\fi\comgrafica\proyecto_brains_model\projecto_opengl\projecto_opengl\debug\projecto_opengl.tlog\link.read.1.tlog
d:\fi\comgrafica\proyecto_brains_model\projecto_opengl\projecto_opengl\debug\projecto_opengl.tlog\link.write.1.tlog
